<testsuites id="" name="" tests="6" failures="0" skipped="0" errors="0" time="65.813379">
<testsuite name="auth-login.spec.ts" timestamp="2026-02-26T17:41:32.287Z" hostname="chromium" tests="6" failures="0" skipped="0" time="96.016" errors="0">
<testcase name="Auth Login Flows › C1 — New user: after login sees empty library" classname="auth-login.spec.ts" time="21.216">
</testcase>
<testcase name="Auth Login Flows › C2 — Existing user: after login library shows previous meditations" classname="auth-login.spec.ts" time="17.651">
</testcase>
<testcase name="Auth Login Flows › C3 — No session: accessing /library redirects to /login" classname="auth-login.spec.ts" time="15.82">
</testcase>
<testcase name="Auth Login Flows › C3 — No session: accessing / redirects to /login" classname="auth-login.spec.ts" time="13.714">
</testcase>
<testcase name="Auth Login Flows › C4 — Logout: clears session and redirects to /login" classname="auth-login.spec.ts" time="13.834">
</testcase>
<testcase name="Auth Login Flows › C5 — Cancellation: /login shows no error after Google flow is cancelled" classname="auth-login.spec.ts" time="13.781">
</testcase>
</testsuite>
</testsuites>